\BOOKMARK [1][-]{section.1}{\332loha 1}{}% 1
\BOOKMARK [2][-]{subsection.1.1}{\227T}{section.1}% 2
\BOOKMARK [2][-]{subsection.1.2}{OT bez mezer}{section.1}% 3
\BOOKMARK [2][-]{subsection.1.3}{OT}{section.1}% 4
\BOOKMARK [2][-]{subsection.1.4}{\227ifra}{section.1}% 5
\BOOKMARK [2][-]{subsection.1.5}{Kl\355c}{section.1}% 6
\BOOKMARK [2][-]{subsection.1.6}{Popis re\235en\355}{section.1}% 7
\BOOKMARK [1][-]{section.2}{\332loha 2}{}% 8
\BOOKMARK [2][-]{subsection.2.1}{\227T}{section.2}% 9
\BOOKMARK [2][-]{subsection.2.2}{OT bez mezer}{section.2}% 10
\BOOKMARK [2][-]{subsection.2.3}{OT}{section.2}% 11
\BOOKMARK [2][-]{subsection.2.4}{\227ifra}{section.2}% 12
\BOOKMARK [2][-]{subsection.2.5}{Kl\355c}{section.2}% 13
\BOOKMARK [2][-]{subsection.2.6}{Popis re\235en\355}{section.2}% 14
\BOOKMARK [1][-]{section.3}{\332loha 3}{}% 15
\BOOKMARK [2][-]{subsection.3.1}{\227T}{section.3}% 16
\BOOKMARK [2][-]{subsection.3.2}{OT bez mezer}{section.3}% 17
\BOOKMARK [2][-]{subsection.3.3}{OT}{section.3}% 18
\BOOKMARK [2][-]{subsection.3.4}{\227ifra}{section.3}% 19
\BOOKMARK [2][-]{subsection.3.5}{Kl\355c}{section.3}% 20
\BOOKMARK [2][-]{subsection.3.6}{Popis re\235en\355}{section.3}% 21
\BOOKMARK [1][-]{section.4}{\332loha 4}{}% 22
\BOOKMARK [2][-]{subsection.4.1}{\227T}{section.4}% 23
\BOOKMARK [2][-]{subsection.4.2}{OT bez mezer}{section.4}% 24
\BOOKMARK [2][-]{subsection.4.3}{OT}{section.4}% 25
\BOOKMARK [2][-]{subsection.4.4}{\227ifra}{section.4}% 26
\BOOKMARK [2][-]{subsection.4.5}{Kl\355c}{section.4}% 27
\BOOKMARK [2][-]{subsection.4.6}{Popis re\235en\355}{section.4}% 28
\BOOKMARK [1][-]{section.5}{\332loha 5}{}% 29
\BOOKMARK [2][-]{subsection.5.1}{\227T}{section.5}% 30
\BOOKMARK [2][-]{subsection.5.2}{OT bez mezer}{section.5}% 31
\BOOKMARK [2][-]{subsection.5.3}{OT}{section.5}% 32
\BOOKMARK [2][-]{subsection.5.4}{\227ifra}{section.5}% 33
\BOOKMARK [2][-]{subsection.5.5}{Kl\355c}{section.5}% 34
\BOOKMARK [2][-]{subsection.5.6}{Popis re\235en\355}{section.5}% 35
\BOOKMARK [1][-]{section.6}{\332loha 6}{}% 36
\BOOKMARK [2][-]{subsection.6.1}{\227T}{section.6}% 37
\BOOKMARK [2][-]{subsection.6.2}{OT bez mezer}{section.6}% 38
\BOOKMARK [2][-]{subsection.6.3}{OT}{section.6}% 39
\BOOKMARK [2][-]{subsection.6.4}{\227ifra}{section.6}% 40
\BOOKMARK [2][-]{subsection.6.5}{Kl\355c}{section.6}% 41
\BOOKMARK [2][-]{subsection.6.6}{Popis re\235en\355}{section.6}% 42
\BOOKMARK [1][-]{section.7}{\332loha 7}{}% 43
\BOOKMARK [2][-]{subsection.7.1}{\227T}{section.7}% 44
\BOOKMARK [2][-]{subsection.7.2}{OT bez mezer}{section.7}% 45
\BOOKMARK [2][-]{subsection.7.3}{OT}{section.7}% 46
\BOOKMARK [2][-]{subsection.7.4}{\227ifra}{section.7}% 47
\BOOKMARK [2][-]{subsection.7.5}{Kl\355c}{section.7}% 48
\BOOKMARK [2][-]{subsection.7.6}{Popis re\235en\355}{section.7}% 49
\BOOKMARK [1][-]{section.8}{\332loha 8}{}% 50
\BOOKMARK [2][-]{subsection.8.1}{\227T}{section.8}% 51
\BOOKMARK [2][-]{subsection.8.2}{OT bez mezer}{section.8}% 52
\BOOKMARK [2][-]{subsection.8.3}{OT}{section.8}% 53
\BOOKMARK [2][-]{subsection.8.4}{\227ifra}{section.8}% 54
\BOOKMARK [2][-]{subsection.8.5}{Kl\355c}{section.8}% 55
\BOOKMARK [2][-]{subsection.8.6}{Popis re\235en\355}{section.8}% 56
\BOOKMARK [1][-]{section.9}{\332loha 9}{}% 57
\BOOKMARK [2][-]{subsection.9.1}{\227T}{section.9}% 58
\BOOKMARK [2][-]{subsection.9.2}{OT bez mezer}{section.9}% 59
\BOOKMARK [2][-]{subsection.9.3}{OT}{section.9}% 60
\BOOKMARK [2][-]{subsection.9.4}{\227ifra}{section.9}% 61
\BOOKMARK [2][-]{subsection.9.5}{Kl\355c}{section.9}% 62
\BOOKMARK [2][-]{subsection.9.6}{Popis re\235en\355}{section.9}% 63
\BOOKMARK [1][-]{section.10}{\332loha 10}{}% 64
\BOOKMARK [2][-]{subsection.10.1}{\227T}{section.10}% 65
\BOOKMARK [2][-]{subsection.10.2}{OT bez mezer}{section.10}% 66
\BOOKMARK [2][-]{subsection.10.3}{OT}{section.10}% 67
\BOOKMARK [2][-]{subsection.10.4}{\227ifra}{section.10}% 68
\BOOKMARK [2][-]{subsection.10.5}{Kl\355c}{section.10}% 69
\BOOKMARK [2][-]{subsection.10.6}{Popis re\235en\355}{section.10}% 70
